<?xml version="1.0" encoding="UTF-8"?>
<!-- Generated by org.testng.reporters.JUnitReportReporter -->
<testsuite hostname="Ruslans-MacBook-Pro.local" failures="0" tests="2" name="testcases.TestCase1" time="0.004" errors="0" timestamp="2023-08-31T01:01:48 EEST" skipped="0">
  <testcase classname="testcases.TestCase1" name="userRegistr" time="0.002"/>
  <testcase classname="testcases.TestCase1" name="doLogin" time="0.002"/>
  <system-out>
    <![CDATA[Screenshot link
Screenshot link
Screenshot link]]>
  </system-out>
</testsuite> <!-- testcases.TestCase1 -->
