<?xml version="1.0" encoding="UTF-8"?>
<!-- Generated by org.testng.reporters.JUnitReportReporter -->
<testsuite hostname="Ruslans-MacBook-Pro.local" failures="0" tests="2" name="regression.TestCase1" time="0.000" errors="0" timestamp="2023-09-15T02:11:32 EEST" skipped="0">
  <testcase classname="regression.TestCase1" name="userRegistr" time="0.000"/>
  <testcase classname="regression.TestCase1" name="doLogin" time="0.000"/>
</testsuite> <!-- regression.TestCase1 -->
