<?xml version="1.0" encoding="UTF-8"?>
<!-- Generated by org.testng.reporters.JUnitReportReporter -->
<testsuite hostname="Ruslans-MacBook-Pro.local" failures="0" tests="1" name="testcases.TestSkip" time="0.000" errors="0" timestamp="2023-09-15T02:11:32 EEST" skipped="1">
  <testcase classname="testcases.TestSkip" name="isSkip" time="0.000">
    <skipped/>
  </testcase> <!-- isSkip -->
</testsuite> <!-- testcases.TestSkip -->
