<?xml version="1.0" encoding="UTF-8"?>
<!-- Generated by org.testng.reporters.JUnitReportReporter -->
<testsuite hostname="Ruslans-MacBook-Pro.local" failures="0" tests="2" name="parallelTest.TestParallelDP" time="4.012" errors="0" timestamp="2023-09-15T02:11:32 EEST" skipped="0">
  <testcase classname="parallelTest.TestParallelDP" name="doLogin" time="2.006"/>
  <testcase classname="parallelTest.TestParallelDP" name="doLogin" time="2.006"/>
</testsuite> <!-- parallelTest.TestParallelDP -->
